[2026-03-26 09:09:43] started watcher
[2026-03-26 09:09:43] status check: state='Printing', status='Online', timeLeft='6h 21m'
[2026-03-26 09:10:56] started dual-watcher
[2026-03-26 09:10:56] initial printers: ['kermit', 'fozzie'], printing_now: {'fozzie'}
[2026-03-26 09:10:56] check kermit: state='Idle', status='Idle', timeLeft='—'
[2026-03-26 09:10:56] check fozzie: state='Printing', status='Online', timeLeft='6h 32m'
[2026-03-26 09:15:56] check kermit: state='Idle', status='Idle', timeLeft='—'
[2026-03-26 09:15:56] check fozzie: state='Printing', status='Online', timeLeft='6h 24m'
[2026-03-26 09:20:56] check kermit: state='Idle', status='Idle', timeLeft='—'
[2026-03-26 09:20:56] check fozzie: state='Printing', status='Online', timeLeft='6h 1m'
[2026-03-26 09:25:56] check kermit: state='Idle', status='Idle', timeLeft='—'
[2026-03-26 09:25:56] check fozzie: state='Printing', status='Online', timeLeft='5h 54m'
[2026-03-26 09:30:56] check kermit: state='Idle', status='Idle', timeLeft='—'
[2026-03-26 09:30:56] check fozzie: state='Printing', status='Online', timeLeft='5h 57m'
[2026-03-26 09:35:56] check kermit: state='Idle', status='Idle', timeLeft='—'
[2026-03-26 09:35:56] check fozzie: state='Printing', status='Online', timeLeft='5h 50m'
[2026-04-10 23:06:53] started dual-watcher
[2026-04-10 23:06:53] initial printers: ['kermit', 'fozzie'], printing_now: set()
[2026-04-10 23:06:53] check kermit: state='Complete', status='Online', timeLeft='—'
[2026-04-10 23:06:53] check fozzie: state='Complete', status='Online', timeLeft='—'
[2026-04-10 23:11:53] check kermit: state='Complete', status='Online', timeLeft='—'
[2026-04-10 23:11:53] check fozzie: state='Complete', status='Online', timeLeft='—'
[2026-04-10 23:16:53] check kermit: state='Complete', status='Online', timeLeft='—'
[2026-04-10 23:16:53] check fozzie: state='Complete', status='Online', timeLeft='—'
[2026-04-10 23:21:53] check kermit: state='Complete', status='Online', timeLeft='—'
[2026-04-10 23:21:53] check fozzie: state='Complete', status='Online', timeLeft='—'
[2026-04-10 23:26:53] check kermit: state='Complete', status='Online', timeLeft='—'
[2026-04-10 23:26:53] check fozzie: state='Complete', status='Online', timeLeft='—'
[2026-04-10 23:31:53] check kermit: state='Complete', status='Online', timeLeft='—'
[2026-04-10 23:31:53] check fozzie: state='Complete', status='Online', timeLeft='—'
[2026-04-10 23:36:53] check kermit: state='Complete', status='Online', timeLeft='—'
[2026-04-10 23:36:53] check fozzie: state='Complete', status='Online', timeLeft='—'
[2026-04-10 23:41:53] check kermit: state='Complete', status='Online', timeLeft='—'
[2026-04-10 23:41:53] check fozzie: state='Complete', status='Online', timeLeft='—'
[2026-04-10 23:46:53] check kermit: state='Complete', status='Online', timeLeft='—'
[2026-04-10 23:46:53] check fozzie: state='Complete', status='Online', timeLeft='—'
[2026-04-10 23:51:53] check kermit: state='Complete', status='Online', timeLeft='—'
[2026-04-10 23:51:53] check fozzie: state='Complete', status='Online', timeLeft='—'
[2026-04-10 23:56:53] check kermit: state='Complete', status='Online', timeLeft='—'
[2026-04-10 23:56:53] check fozzie: state='Complete', status='Online', timeLeft='—'
[2026-04-11 00:01:53] check kermit: state='Complete', status='Online', timeLeft='—'
[2026-04-11 00:01:53] check fozzie: state='Complete', status='Online', timeLeft='—'
[2026-04-11 00:06:53] check kermit: state='Complete', status='Online', timeLeft='—'
[2026-04-11 00:06:53] check fozzie: state='Complete', status='Online', timeLeft='—'
[2026-04-11 00:11:53] check kermit: state='Complete', status='Online', timeLeft='—'
[2026-04-11 00:11:53] check fozzie: state='Complete', status='Online', timeLeft='—'
[2026-04-11 00:16:53] check kermit: state='Complete', status='Online', timeLeft='—'
[2026-04-11 00:16:53] check fozzie: state='Complete', status='Online', timeLeft='—'
[2026-04-11 00:21:53] check kermit: state='Complete', status='Online', timeLeft='—'
[2026-04-11 00:21:53] check fozzie: state='Complete', status='Online', timeLeft='—'
[2026-04-11 00:26:53] check kermit: state='Complete', status='Online', timeLeft='—'
[2026-04-11 00:26:53] check fozzie: state='Complete', status='Online', timeLeft='—'
[2026-04-11 00:31:53] check kermit: state='Complete', status='Online', timeLeft='—'
[2026-04-11 00:31:53] check fozzie: state='Complete', status='Online', timeLeft='—'
[2026-04-11 00:36:53] check kermit: state='Complete', status='Online', timeLeft='—'
[2026-04-11 00:36:53] check fozzie: state='Complete', status='Online', timeLeft='—'
[2026-04-11 00:41:53] check kermit: state='Complete', status='Online', timeLeft='—'
[2026-04-11 00:41:53] check fozzie: state='Complete', status='Online', timeLeft='—'
[2026-04-11 00:46:53] check kermit: state='Complete', status='Online', timeLeft='—'
[2026-04-11 00:46:53] check fozzie: state='Complete', status='Online', timeLeft='—'
[2026-04-11 00:51:53] check kermit: state='Complete', status='Online', timeLeft='—'
[2026-04-11 00:51:53] check fozzie: state='Complete', status='Online', timeLeft='—'
[2026-04-11 00:56:53] check kermit: state='Complete', status='Online', timeLeft='—'
[2026-04-11 00:56:53] check fozzie: state='Complete', status='Online', timeLeft='—'
[2026-04-11 01:01:53] check kermit: state='Complete', status='Online', timeLeft='—'
[2026-04-11 01:01:53] check fozzie: state='Complete', status='Online', timeLeft='—'
[2026-04-11 01:06:53] check kermit: state='Complete', status='Online', timeLeft='—'
[2026-04-11 01:06:53] check fozzie: state='Complete', status='Online', timeLeft='—'
[2026-04-11 01:11:53] check kermit: state='Complete', status='Online', timeLeft='—'
[2026-04-11 01:11:53] check fozzie: state='Complete', status='Online', timeLeft='—'
[2026-04-11 01:16:53] check kermit: state='Complete', status='Online', timeLeft='—'
[2026-04-11 01:16:53] check fozzie: state='Complete', status='Online', timeLeft='—'
[2026-04-11 01:21:53] check kermit: state='Complete', status='Online', timeLeft='—'
[2026-04-11 01:21:53] check fozzie: state='Complete', status='Online', timeLeft='—'
[2026-04-11 01:26:53] check kermit: state='Complete', status='Online', timeLeft='—'
[2026-04-11 01:26:53] check fozzie: state='Complete', status='Online', timeLeft='—'
[2026-04-11 01:31:53] check kermit: state='Complete', status='Online', timeLeft='—'
[2026-04-11 01:31:53] check fozzie: state='Complete', status='Online', timeLeft='—'
[2026-04-11 01:36:53] check kermit: state='Complete', status='Online', timeLeft='—'
[2026-04-11 01:36:53] check fozzie: state='Complete', status='Online', timeLeft='—'
[2026-04-11 01:41:53] check kermit: state='Complete', status='Online', timeLeft='—'
[2026-04-11 01:41:53] check fozzie: state='Complete', status='Online', timeLeft='—'
[2026-04-11 01:46:53] check kermit: state='Complete', status='Online', timeLeft='—'
[2026-04-11 01:46:53] check fozzie: state='Complete', status='Online', timeLeft='—'
[2026-04-11 01:51:53] check kermit: state='Complete', status='Online', timeLeft='—'
[2026-04-11 01:51:53] check fozzie: state='Complete', status='Online', timeLeft='—'
[2026-04-11 01:56:53] check kermit: state='Complete', status='Online', timeLeft='—'
[2026-04-11 01:56:53] check fozzie: state='Complete', status='Online', timeLeft='—'
[2026-04-11 02:01:53] check kermit: state='Complete', status='Online', timeLeft='—'
[2026-04-11 02:01:53] check fozzie: state='Complete', status='Online', timeLeft='—'
[2026-04-11 02:06:53] check kermit: state='Complete', status='Online', timeLeft='—'
[2026-04-11 02:06:53] check fozzie: state='Complete', status='Online', timeLeft='—'
[2026-04-11 02:11:53] check kermit: state='Complete', status='Online', timeLeft='—'
[2026-04-11 02:11:53] check fozzie: state='Complete', status='Online', timeLeft='—'
[2026-04-11 02:16:53] check kermit: state='Complete', status='Online', timeLeft='—'
[2026-04-11 02:16:53] check fozzie: state='Complete', status='Online', timeLeft='—'
[2026-04-11 02:21:53] check kermit: state='Complete', status='Online', timeLeft='—'
[2026-04-11 02:21:53] check fozzie: state='Complete', status='Online', timeLeft='—'
[2026-04-11 02:26:53] check kermit: state='Complete', status='Online', timeLeft='—'
[2026-04-11 02:26:53] check fozzie: state='Complete', status='Online', timeLeft='—'
[2026-04-11 02:31:53] check kermit: state='Complete', status='Online', timeLeft='—'
[2026-04-11 02:31:53] check fozzie: state='Complete', status='Online', timeLeft='—'
[2026-04-11 02:36:53] check kermit: state='Complete', status='Online', timeLeft='—'
[2026-04-11 02:36:53] check fozzie: state='Complete', status='Online', timeLeft='—'
[2026-04-11 02:41:53] check kermit: state='Complete', status='Online', timeLeft='—'
[2026-04-11 02:41:53] check fozzie: state='Complete', status='Online', timeLeft='—'
[2026-04-11 02:46:53] check kermit: state='Complete', status='Online', timeLeft='—'
[2026-04-11 02:46:53] check fozzie: state='Complete', status='Online', timeLeft='—'
[2026-04-11 02:51:53] check kermit: state='Complete', status='Online', timeLeft='—'
[2026-04-11 02:51:53] check fozzie: state='Complete', status='Online', timeLeft='—'
[2026-04-11 02:56:53] check kermit: state='Complete', status='Online', timeLeft='—'
[2026-04-11 02:56:53] check fozzie: state='Complete', status='Online', timeLeft='—'
[2026-04-11 03:01:53] check kermit: state='Complete', status='Online', timeLeft='—'
[2026-04-11 03:01:53] check fozzie: state='Complete', status='Online', timeLeft='—'
[2026-04-11 03:06:53] check kermit: state='Complete', status='Online', timeLeft='—'
[2026-04-11 03:06:53] check fozzie: state='Complete', status='Online', timeLeft='—'
[2026-04-11 03:11:53] check kermit: state='Complete', status='Online', timeLeft='—'
[2026-04-11 03:11:53] check fozzie: state='Complete', status='Online', timeLeft='—'
[2026-04-11 03:16:53] check kermit: state='Complete', status='Online', timeLeft='—'
[2026-04-11 03:16:53] check fozzie: state='Complete', status='Online', timeLeft='—'
[2026-04-11 03:21:53] check kermit: state='Complete', status='Online', timeLeft='—'
[2026-04-11 03:21:53] check fozzie: state='Complete', status='Online', timeLeft='—'
[2026-04-11 03:26:53] check kermit: state='Complete', status='Online', timeLeft='—'
[2026-04-11 03:26:53] check fozzie: state='Complete', status='Online', timeLeft='—'
[2026-04-11 03:31:53] check kermit: state='Complete', status='Online', timeLeft='—'
[2026-04-11 03:31:53] check fozzie: state='Complete', status='Online', timeLeft='—'
[2026-04-11 03:36:53] check kermit: state='Complete', status='Online', timeLeft='—'
[2026-04-11 03:36:53] check fozzie: state='Complete', status='Online', timeLeft='—'
[2026-04-11 03:41:53] check kermit: state='Complete', status='Online', timeLeft='—'
[2026-04-11 03:41:53] check fozzie: state='Complete', status='Online', timeLeft='—'
[2026-04-11 03:46:53] check kermit: state='Complete', status='Online', timeLeft='—'
[2026-04-11 03:46:53] check fozzie: state='Complete', status='Online', timeLeft='—'
[2026-04-11 03:51:53] check kermit: state='Complete', status='Online', timeLeft='—'
[2026-04-11 03:51:53] check fozzie: state='Complete', status='Online', timeLeft='—'
[2026-04-11 03:56:53] check kermit: state='Complete', status='Online', timeLeft='—'
[2026-04-11 03:56:53] check fozzie: state='Complete', status='Online', timeLeft='—'
[2026-04-11 04:01:53] check kermit: state='Complete', status='Online', timeLeft='—'
[2026-04-11 04:01:53] check fozzie: state='Complete', status='Online', timeLeft='—'
[2026-04-11 04:06:53] check kermit: state='Complete', status='Online', timeLeft='—'
[2026-04-11 04:06:53] check fozzie: state='Complete', status='Online', timeLeft='—'
[2026-04-11 04:11:53] check kermit: state='Complete', status='Online', timeLeft='—'
[2026-04-11 04:11:53] check fozzie: state='Complete', status='Online', timeLeft='—'
[2026-04-11 04:16:53] check kermit: state='Complete', status='Online', timeLeft='—'
[2026-04-11 04:16:53] check fozzie: state='Complete', status='Online', timeLeft='—'
[2026-04-11 04:21:53] check kermit: state='Complete', status='Online', timeLeft='—'
[2026-04-11 04:21:53] check fozzie: state='Complete', status='Online', timeLeft='—'
[2026-04-11 04:26:53] check kermit: state='Complete', status='Online', timeLeft='—'
[2026-04-11 04:26:53] check fozzie: state='Complete', status='Online', timeLeft='—'
[2026-04-11 04:31:53] check kermit: state='Complete', status='Online', timeLeft='—'
[2026-04-11 04:31:53] check fozzie: state='Complete', status='Online', timeLeft='—'
[2026-04-11 04:36:53] check kermit: state='Complete', status='Online', timeLeft='—'
[2026-04-11 04:36:53] check fozzie: state='Complete', status='Online', timeLeft='—'
[2026-04-11 04:41:53] check kermit: state='Complete', status='Online', timeLeft='—'
[2026-04-11 04:41:53] check fozzie: state='Complete', status='Online', timeLeft='—'
[2026-04-11 04:46:53] check kermit: state='Complete', status='Online', timeLeft='—'
[2026-04-11 04:46:53] check fozzie: state='Complete', status='Online', timeLeft='—'
[2026-04-11 04:51:53] check kermit: state='Complete', status='Online', timeLeft='—'
[2026-04-11 04:51:53] check fozzie: state='Complete', status='Online', timeLeft='—'
[2026-04-11 04:56:53] check kermit: state='Complete', status='Online', timeLeft='—'
[2026-04-11 04:56:53] check fozzie: state='Complete', status='Online', timeLeft='—'
[2026-04-11 05:01:53] check kermit: state='Complete', status='Online', timeLeft='—'
[2026-04-11 05:01:53] check fozzie: state='Complete', status='Online', timeLeft='—'
[2026-04-11 05:06:53] check kermit: state='Complete', status='Online', timeLeft='—'
[2026-04-11 05:06:53] check fozzie: state='Complete', status='Online', timeLeft='—'
[2026-04-11 05:11:53] check kermit: state='Complete', status='Online', timeLeft='—'
[2026-04-11 05:11:53] check fozzie: state='Complete', status='Online', timeLeft='—'
[2026-04-11 05:16:53] check kermit: state='Complete', status='Online', timeLeft='—'
[2026-04-11 05:16:53] check fozzie: state='Complete', status='Online', timeLeft='—'
[2026-04-11 05:21:53] check kermit: state='Complete', status='Online', timeLeft='—'
[2026-04-11 05:21:53] check fozzie: state='Complete', status='Online', timeLeft='—'
[2026-04-11 05:26:53] check kermit: state='Complete', status='Online', timeLeft='—'
[2026-04-11 05:26:53] check fozzie: state='Complete', status='Online', timeLeft='—'
[2026-04-11 05:31:53] check kermit: state='Complete', status='Online', timeLeft='—'
[2026-04-11 05:31:53] check fozzie: state='Complete', status='Online', timeLeft='—'
[2026-04-11 05:36:53] check kermit: state='Complete', status='Online', timeLeft='—'
[2026-04-11 05:36:53] check fozzie: state='Complete', status='Online', timeLeft='—'
[2026-04-11 05:41:53] check kermit: state='Complete', status='Online', timeLeft='—'
[2026-04-11 05:41:53] check fozzie: state='Complete', status='Online', timeLeft='—'
[2026-04-11 05:46:53] check kermit: state='Complete', status='Online', timeLeft='—'
[2026-04-11 05:46:53] check fozzie: state='Complete', status='Online', timeLeft='—'
[2026-04-11 05:51:53] check kermit: state='Complete', status='Online', timeLeft='—'
[2026-04-11 05:51:53] check fozzie: state='Complete', status='Online', timeLeft='—'
[2026-04-11 05:56:53] check kermit: state='Complete', status='Online', timeLeft='—'
[2026-04-11 05:56:53] check fozzie: state='Complete', status='Online', timeLeft='—'
[2026-04-11 06:01:53] check kermit: state='Complete', status='Online', timeLeft='—'
[2026-04-11 06:01:53] check fozzie: state='Complete', status='Online', timeLeft='—'
[2026-04-11 06:06:53] check kermit: state='Complete', status='Online', timeLeft='—'
[2026-04-11 06:06:53] check fozzie: state='Complete', status='Online', timeLeft='—'
[2026-04-11 06:11:53] check kermit: state='Complete', status='Online', timeLeft='—'
[2026-04-11 06:11:53] check fozzie: state='Complete', status='Online', timeLeft='—'
[2026-04-11 06:16:53] check kermit: state='Complete', status='Online', timeLeft='—'
[2026-04-11 06:16:53] check fozzie: state='Complete', status='Online', timeLeft='—'
[2026-04-11 06:21:53] check kermit: state='Complete', status='Online', timeLeft='—'
[2026-04-11 06:21:53] check fozzie: state='Complete', status='Online', timeLeft='—'
[2026-04-11 06:26:53] check kermit: state='Complete', status='Online', timeLeft='—'
[2026-04-11 06:26:53] check fozzie: state='Complete', status='Online', timeLeft='—'
[2026-04-11 06:31:53] check kermit: state='Complete', status='Online', timeLeft='—'
[2026-04-11 06:31:53] check fozzie: state='Complete', status='Online', timeLeft='—'
[2026-04-11 06:36:53] check kermit: state='Complete', status='Online', timeLeft='—'
[2026-04-11 06:36:53] check fozzie: state='Complete', status='Online', timeLeft='—'
[2026-04-11 06:41:53] check kermit: state='Complete', status='Online', timeLeft='—'
[2026-04-11 06:41:53] check fozzie: state='Complete', status='Online', timeLeft='—'
[2026-04-11 06:46:53] check kermit: state='Complete', status='Online', timeLeft='—'
[2026-04-11 06:46:53] check fozzie: state='Complete', status='Online', timeLeft='—'
[2026-04-11 06:51:53] check kermit: state='Complete', status='Online', timeLeft='—'
[2026-04-11 06:51:53] check fozzie: state='Complete', status='Online', timeLeft='—'
[2026-04-11 06:56:53] check kermit: state='Complete', status='Online', timeLeft='—'
[2026-04-11 06:56:53] check fozzie: state='Complete', status='Online', timeLeft='—'
[2026-04-11 07:01:53] check kermit: state='Complete', status='Online', timeLeft='—'
[2026-04-11 07:01:53] check fozzie: state='Complete', status='Online', timeLeft='—'
[2026-04-11 07:06:53] check kermit: state='Complete', status='Online', timeLeft='—'
[2026-04-11 07:06:53] check fozzie: state='Complete', status='Online', timeLeft='—'
[2026-04-11 07:11:53] check kermit: state='Complete', status='Online', timeLeft='—'
[2026-04-11 07:11:53] check fozzie: state='Complete', status='Online', timeLeft='—'
[2026-04-11 07:16:53] check kermit: state='Complete', status='Online', timeLeft='—'
[2026-04-11 07:16:53] check fozzie: state='Complete', status='Online', timeLeft='—'
[2026-04-11 07:21:53] check kermit: state='Complete', status='Online', timeLeft='—'
[2026-04-11 07:21:53] check fozzie: state='Complete', status='Online', timeLeft='—'
[2026-04-11 07:26:53] check kermit: state='Complete', status='Online', timeLeft='—'
[2026-04-11 07:26:53] check fozzie: state='Complete', status='Online', timeLeft='—'
[2026-04-11 07:31:53] check kermit: state='Complete', status='Online', timeLeft='—'
[2026-04-11 07:31:53] check fozzie: state='Complete', status='Online', timeLeft='—'
[2026-04-11 07:36:53] check kermit: state='Complete', status='Online', timeLeft='—'
[2026-04-11 07:36:53] check fozzie: state='Complete', status='Online', timeLeft='—'
[2026-04-11 07:41:53] check kermit: state='Complete', status='Online', timeLeft='—'
[2026-04-11 07:41:53] check fozzie: state='Complete', status='Online', timeLeft='—'
[2026-04-11 07:46:53] check kermit: state='Complete', status='Online', timeLeft='—'
[2026-04-11 07:46:53] check fozzie: state='Complete', status='Online', timeLeft='—'
[2026-04-11 07:51:53] check kermit: state='Complete', status='Online', timeLeft='—'
[2026-04-11 07:51:53] check fozzie: state='Complete', status='Online', timeLeft='—'
[2026-04-11 07:56:53] check kermit: state='Complete', status='Online', timeLeft='—'
[2026-04-11 07:56:53] check fozzie: state='Complete', status='Online', timeLeft='—'
[2026-04-11 08:01:53] check kermit: state='Complete', status='Online', timeLeft='—'
[2026-04-11 08:01:53] check fozzie: state='Complete', status='Online', timeLeft='—'
[2026-04-11 08:06:53] check kermit: state='Complete', status='Online', timeLeft='—'
[2026-04-11 08:06:53] check fozzie: state='Complete', status='Online', timeLeft='—'
[2026-04-11 08:11:53] check kermit: state='Complete', status='Online', timeLeft='—'
[2026-04-11 08:11:53] check fozzie: state='Complete', status='Online', timeLeft='—'
[2026-04-11 08:16:53] check kermit: state='Complete', status='Online', timeLeft='—'
[2026-04-11 08:16:53] check fozzie: state='Complete', status='Online', timeLeft='—'
[2026-04-11 08:21:53] check kermit: state='Complete', status='Online', timeLeft='—'
[2026-04-11 08:21:53] check fozzie: state='Complete', status='Online', timeLeft='—'
[2026-04-11 08:26:53] check kermit: state='Complete', status='Online', timeLeft='—'
[2026-04-11 08:26:53] check fozzie: state='Complete', status='Online', timeLeft='—'
[2026-04-11 08:31:53] check kermit: state='Complete', status='Online', timeLeft='—'
[2026-04-11 08:31:53] check fozzie: state='Printing', status='Online', timeLeft='—'
[2026-04-11 08:36:53] check kermit: state='Complete', status='Online', timeLeft='—'
[2026-04-11 08:36:53] check fozzie: state='Printing', status='Online', timeLeft='—'
[2026-04-11 08:41:53] check kermit: state='Complete', status='Online', timeLeft='—'
[2026-04-11 08:41:53] check fozzie: state='Printing', status='Online', timeLeft='9h 51m'
[2026-04-11 08:46:53] check kermit: state='Complete', status='Online', timeLeft='—'
[2026-04-11 08:46:53] check fozzie: state='Printing', status='Online', timeLeft='9h 46m'
[2026-04-11 08:51:53] check kermit: state='Complete', status='Online', timeLeft='—'
[2026-04-11 08:51:53] check fozzie: state='Printing', status='Online', timeLeft='8h 36m'
[2026-04-11 08:56:53] check kermit: state='Complete', status='Online', timeLeft='—'
[2026-04-11 08:56:53] check fozzie: state='Printing', status='Online', timeLeft='8h 47m'
[2026-04-11 09:01:53] check kermit: state='Complete', status='Online', timeLeft='—'
[2026-04-11 09:01:53] check fozzie: state='Printing', status='Online', timeLeft='8h 13m'
[2026-04-11 09:06:53] check kermit: state='Complete', status='Online', timeLeft='—'
[2026-04-11 09:06:53] check fozzie: state='Printing', status='Online', timeLeft='8h 21m'
[2026-04-11 09:11:53] check kermit: state='Complete', status='Online', timeLeft='—'
[2026-04-11 09:11:53] check fozzie: state='Printing', status='Online', timeLeft='7h 57m'
[2026-04-11 09:16:53] check kermit: state='Complete', status='Online', timeLeft='—'
[2026-04-11 09:16:53] check fozzie: state='Printing', status='Online', timeLeft='8h 2m'
[2026-04-11 09:21:53] check kermit: state='Complete', status='Online', timeLeft='—'
[2026-04-11 09:21:53] check fozzie: state='Printing', status='Online', timeLeft='7h 44m'
[2026-04-11 09:26:53] check kermit: state='Complete', status='Online', timeLeft='—'
[2026-04-11 09:26:53] check fozzie: state='Printing', status='Online', timeLeft='7h 0m'
[2026-04-11 09:31:53] check kermit: state='Complete', status='Online', timeLeft='—'
[2026-04-11 09:31:53] check fozzie: state='Printing', status='Online', timeLeft='6h 50m'
[2026-04-11 09:36:53] check kermit: state='Complete', status='Online', timeLeft='—'
[2026-04-11 09:36:53] check fozzie: state='Printing', status='Online', timeLeft='6h 54m'
[2026-04-11 09:41:53] check kermit: state='Complete', status='Online', timeLeft='—'
[2026-04-11 09:41:53] check fozzie: state='Printing', status='Online', timeLeft='6h 45m'
[2026-04-11 09:46:53] check kermit: state='Complete', status='Online', timeLeft='—'
[2026-04-11 09:46:53] check fozzie: state='Printing', status='Online', timeLeft='6h 47m'
[2026-04-11 09:51:53] check kermit: state='Complete', status='Online', timeLeft='—'
[2026-04-11 09:51:53] check fozzie: state='Printing', status='Online', timeLeft='6h 38m'
[2026-04-11 09:56:53] check kermit: state='Complete', status='Online', timeLeft='—'
[2026-04-11 09:56:53] check fozzie: state='Printing', status='Online', timeLeft='6h 13m'
[2026-04-11 10:01:53] check kermit: state='Complete', status='Online', timeLeft='—'
[2026-04-11 10:01:53] check fozzie: state='Printing', status='Online', timeLeft='6h 6m'
[2026-04-11 10:06:53] check kermit: state='Complete', status='Online', timeLeft='—'
[2026-04-11 10:06:53] check fozzie: state='Printing', status='Online', timeLeft='6h 7m'
[2026-04-11 10:11:53] check kermit: state='Complete', status='Online', timeLeft='—'
[2026-04-11 10:11:53] check fozzie: state='Printing', status='Online', timeLeft='6h 1m'
[2026-04-11 10:16:53] check kermit: state='Complete', status='Online', timeLeft='—'
[2026-04-11 10:16:53] check fozzie: state='Printing', status='Online', timeLeft='6h 1m'
[2026-04-11 10:21:53] check kermit: state='Complete', status='Online', timeLeft='—'
[2026-04-11 10:21:53] check fozzie: state='Printing', status='Online', timeLeft='5h 54m'
[2026-04-11 10:26:53] check kermit: state='Complete', status='Online', timeLeft='—'
[2026-04-11 10:26:53] check fozzie: state='Printing', status='Online', timeLeft='5h 35m'
[2026-04-11 10:31:53] check kermit: state='Complete', status='Online', timeLeft='—'
[2026-04-11 10:31:53] check fozzie: state='Printing', status='Online', timeLeft='5h 30m'
[2026-04-11 10:36:53] check kermit: state='Complete', status='Online', timeLeft='—'
[2026-04-11 10:36:53] check fozzie: state='Printing', status='Online', timeLeft='5h 29m'
[2026-04-11 10:41:53] check kermit: state='Complete', status='Online', timeLeft='—'
[2026-04-11 10:41:53] check fozzie: state='Printing', status='Online', timeLeft='5h 23m'
[2026-04-11 10:46:53] check kermit: state='Printing', status='Online', timeLeft='—'
[2026-04-11 10:46:53] check fozzie: state='Printing', status='Online', timeLeft='5h 7m'
[2026-04-11 10:51:53] check kermit: state='Printing', status='Online', timeLeft='1h 22m'
[2026-04-11 10:51:53] check fozzie: state='Printing', status='Online', timeLeft='5h 2m'
[2026-04-11 10:56:53] check kermit: state='Printing', status='Online', timeLeft='31m'
[2026-04-11 10:56:53] check fozzie: state='Printing', status='Online', timeLeft='5h 1m'
[2026-04-11 11:01:53] check kermit: state='Printing', status='Online', timeLeft='26m'
[2026-04-11 11:01:53] check fozzie: state='Printing', status='Online', timeLeft='4h 56m'
[2026-04-11 11:06:53] check kermit: state='Printing', status='Online', timeLeft='19m'
[2026-04-11 11:06:53] check fozzie: state='Printing', status='Online', timeLeft='4h 42m'
[2026-04-11 11:11:53] check kermit: state='Printing', status='Online', timeLeft='15m'
[2026-04-11 11:11:53] check fozzie: state='Printing', status='Online', timeLeft='4h 37m'
[2026-04-11 11:16:53] check kermit: state='Printing', status='Online', timeLeft='9m'
[2026-04-11 11:16:53] check fozzie: state='Printing', status='Online', timeLeft='4h 35m'
[2026-04-11 11:21:53] check kermit: state='Printing', status='Online', timeLeft='5m'
[2026-04-11 11:21:53] check fozzie: state='Printing', status='Online', timeLeft='4h 30m'
[2026-04-11 11:26:53] check kermit: state='Complete', status='Online', timeLeft='—'
[2026-04-11 11:26:53] check fozzie: state='Printing', status='Online', timeLeft='4h 17m'
[2026-04-11 11:31:53] check kermit: state='Complete', status='Online', timeLeft='—'
[2026-04-11 11:31:53] check fozzie: state='Printing', status='Online', timeLeft='4h 13m'
[2026-04-11 11:36:53] check kermit: state='Complete', status='Online', timeLeft='—'
[2026-04-11 11:36:53] check fozzie: state='Printing', status='Online', timeLeft='4h 11m'
[2026-04-11 11:41:53] check kermit: state='Complete', status='Online', timeLeft='—'
[2026-04-11 11:41:53] check fozzie: state='Printing', status='Online', timeLeft='4h 6m'
[2026-04-11 11:46:53] check kermit: state='Complete', status='Online', timeLeft='—'
[2026-04-11 11:46:53] check fozzie: state='Printing', status='Online', timeLeft='3h 54m'
[2026-04-11 11:51:53] check kermit: state='Idle', status='Online', timeLeft='—'
[2026-04-11 11:51:53] check fozzie: state='Printing', status='Online', timeLeft='3h 50m'
[2026-04-11 11:56:53] check kermit: state='Printing', status='Online', timeLeft='—'
[2026-04-11 11:56:53] check fozzie: state='Printing', status='Online', timeLeft='3h 47m'
[2026-04-11 12:01:53] check kermit: state='Printing', status='Online', timeLeft='36m'
[2026-04-11 12:01:53] check fozzie: state='Printing', status='Online', timeLeft='3h 43m'
[2026-04-11 12:06:53] check kermit: state='Printing', status='Online', timeLeft='27m'
[2026-04-11 12:06:53] check fozzie: state='Printing', status='Online', timeLeft='3h 31m'
[2026-04-11 12:11:53] check kermit: state='Printing', status='Online', timeLeft='22m'
[2026-04-11 12:11:53] check fozzie: state='Printing', status='Online', timeLeft='3h 27m'
[2026-04-11 12:16:53] check kermit: state='Printing', status='Online', timeLeft='16m'
[2026-04-11 12:16:53] check fozzie: state='Printing', status='Online', timeLeft='3h 24m'
[2026-04-11 12:21:53] check kermit: state='Printing', status='Online', timeLeft='12m'
[2026-04-11 12:21:53] check fozzie: state='Printing', status='Online', timeLeft='3h 20m'
[2026-04-11 12:26:53] check kermit: state='Printing', status='Online', timeLeft='6m'
[2026-04-11 12:26:53] check fozzie: state='Printing', status='Online', timeLeft='3h 9m'
[2026-04-11 12:31:53] check kermit: state='Printing', status='Online', timeLeft='1m'
[2026-04-11 12:31:53] check fozzie: state='Printing', status='Online', timeLeft='3h 5m'
[2026-04-11 12:36:53] check kermit: state='Complete', status='Online', timeLeft='—'
[2026-04-11 12:36:53] check fozzie: state='Printing', status='Online', timeLeft='3h 2m'
[2026-04-11 12:41:53] check kermit: state='Complete', status='Online', timeLeft='—'
[2026-04-11 12:41:53] check fozzie: state='Printing', status='Online', timeLeft='2h 58m'
[2026-04-11 12:46:53] check kermit: state='Complete', status='Online', timeLeft='—'
[2026-04-11 12:46:53] check fozzie: state='Printing', status='Online', timeLeft='2h 55m'
[2026-04-11 12:51:53] check kermit: state='Complete', status='Online', timeLeft='—'
[2026-04-11 12:51:53] check fozzie: state='Printing', status='Online', timeLeft='2h 50m'
[2026-04-11 12:56:53] check kermit: state='Complete', status='Online', timeLeft='—'
[2026-04-11 12:56:53] check fozzie: state='Printing', status='Online', timeLeft='2h 40m'
[2026-04-11 13:01:53] check kermit: state='Printing', status='Online', timeLeft='—'
[2026-04-11 13:01:53] check fozzie: state='Printing', status='Online', timeLeft='2h 36m'
[2026-04-11 13:06:53] check kermit: state='Printing', status='Online', timeLeft='16m'
[2026-04-11 13:06:53] check fozzie: state='Printing', status='Online', timeLeft='2h 32m'
[2026-04-11 13:11:53] check kermit: state='Printing', status='Online', timeLeft='9m'
[2026-04-11 13:11:53] check fozzie: state='Printing', status='Online', timeLeft='2h 28m'
[2026-04-11 13:16:53] check kermit: state='Printing', status='Online', timeLeft='3m'
[2026-04-11 13:16:53] check fozzie: state='Printing', status='Online', timeLeft='2h 18m'
[2026-04-11 13:21:53] check kermit: state='Complete', status='Online', timeLeft='—'
[2026-04-11 13:21:53] check fozzie: state='Printing', status='Online', timeLeft='2h 14m'
[2026-04-11 13:26:53] check kermit: state='Complete', status='Online', timeLeft='—'
[2026-04-11 13:26:53] check fozzie: state='Printing', status='Online', timeLeft='2h 11m'
[2026-04-11 13:31:53] check kermit: state='Printing', status='Online', timeLeft='—'
[2026-04-11 13:31:53] check fozzie: state='Printing', status='Online', timeLeft='2h 6m'
[2026-04-11 13:36:53] check kermit: state='Printing', status='Online', timeLeft='14m'
[2026-04-11 13:36:53] check fozzie: state='Printing', status='Online', timeLeft='1h 57m'
[2026-04-11 13:41:53] check kermit: state='Printing', status='Online', timeLeft='8m'
[2026-04-11 13:41:53] check fozzie: state='Printing', status='Online', timeLeft='1h 53m'
[2026-04-11 13:46:53] check kermit: state='Printing', status='Online', timeLeft='2m'
[2026-04-11 13:46:53] check fozzie: state='Printing', status='Online', timeLeft='1h 49m'
[2026-04-11 13:51:53] check kermit: state='Complete', status='Online', timeLeft='—'
[2026-04-11 13:51:53] check fozzie: state='Printing', status='Online', timeLeft='1h 45m'
[2026-04-11 13:56:53] check kermit: state='Printing', status='Online', timeLeft='3h 18m'
[2026-04-11 13:56:53] check fozzie: state='Printing', status='Online', timeLeft='1h 36m'
[2026-04-11 14:01:53] check kermit: state='Printing', status='Online', timeLeft='2h 24m'
[2026-04-11 14:01:53] check fozzie: state='Printing', status='Online', timeLeft='1h 31m'
[2026-04-11 14:06:53] check kermit: state='Printing', status='Online', timeLeft='2h 18m'
[2026-04-11 14:06:53] check fozzie: state='Printing', status='Online', timeLeft='1h 28m'
[2026-04-11 14:11:53] check kermit: state='Printing', status='Online', timeLeft='2h 9m'
[2026-04-11 14:11:53] check fozzie: state='Printing', status='Online', timeLeft='1h 23m'
[2026-04-11 14:16:53] check kermit: state='Printing', status='Online', timeLeft='2h 4m'
[2026-04-11 14:16:53] check fozzie: state='Printing', status='Online', timeLeft='1h 20m'
[2026-04-11 14:21:53] check kermit: state='Printing', status='Online', timeLeft='1h 58m'
[2026-04-11 14:21:53] check fozzie: state='Printing', status='Online', timeLeft='1h 15m'
[2026-04-11 14:26:53] check kermit: state='Printing', status='Online', timeLeft='1h 53m'
[2026-04-11 14:26:53] check fozzie: state='Printing', status='Online', timeLeft='1h 7m'
[2026-04-11 14:31:53] check kermit: state='Printing', status='Online', timeLeft='1h 48m'
[2026-04-11 14:31:53] check fozzie: state='Printing', status='Online', timeLeft='1h 2m'
[2026-04-11 14:36:53] check kermit: state='Printing', status='Online', timeLeft='1h 38m'
[2026-04-11 14:36:53] check fozzie: state='Printing', status='Online', timeLeft='58m'
[2026-04-11 14:41:53] check kermit: state='Printing', status='Online', timeLeft='1h 37m'
[2026-04-11 14:41:53] check fozzie: state='Printing', status='Online', timeLeft='54m'
[2026-04-11 14:46:53] check kermit: state='Printing', status='Online', timeLeft='1h 28m'
[2026-04-11 14:46:53] check fozzie: state='Printing', status='Online', timeLeft='50m'
[2026-04-11 14:51:53] check kermit: state='Printing', status='Online', timeLeft='1h 24m'
[2026-04-11 14:51:53] check fozzie: state='Printing', status='Online', timeLeft='46m'
[2026-04-11 14:56:53] check kermit: state='Printing', status='Online', timeLeft='1h 15m'
[2026-04-11 14:56:53] check fozzie: state='Printing', status='Online', timeLeft='42m'
[2026-04-11 15:01:53] check kermit: state='Printing', status='Online', timeLeft='1h 11m'
[2026-04-11 15:01:53] check fozzie: state='Printing', status='Online', timeLeft='38m'
[2026-04-11 15:06:53] check kermit: state='Printing', status='Online', timeLeft='1h 6m'
[2026-04-11 15:06:53] check fozzie: state='Printing', status='Online', timeLeft='29m'
[2026-04-11 15:11:53] check kermit: state='Printing', status='Online', timeLeft='1h 2m'
[2026-04-11 15:11:53] check fozzie: state='Printing', status='Online', timeLeft='25m'
[2026-04-11 15:16:53] check kermit: state='Printing', status='Online', timeLeft='54m'
[2026-04-11 15:16:53] check fozzie: state='Printing', status='Online', timeLeft='21m'
[2026-04-11 15:21:53] check kermit: state='Printing', status='Online', timeLeft='50m'
[2026-04-11 15:21:53] check fozzie: state='Printing', status='Online', timeLeft='16m'
[2026-04-11 15:26:53] check kermit: state='Printing', status='Online', timeLeft='45m'
[2026-04-11 15:26:53] check fozzie: state='Printing', status='Online', timeLeft='12m'
[2026-04-11 15:31:53] check kermit: state='Printing', status='Online', timeLeft='41m'
[2026-04-11 15:31:53] check fozzie: state='Printing', status='Online', timeLeft='8m'
[2026-04-11 15:36:53] check kermit: state='Printing', status='Online', timeLeft='34m'
[2026-04-11 15:36:53] check fozzie: state='Paused', status='Online', timeLeft='0m'
[2026-04-11 15:41:53] check kermit: state='Printing', status='Online', timeLeft='29m'
[2026-04-11 15:41:53] check fozzie: state='Paused', status='Online', timeLeft='0m'
[2026-04-11 15:46:53] check kermit: state='Printing', status='Online', timeLeft='24m'
[2026-04-11 15:46:53] check fozzie: state='Complete', status='Online', timeLeft='—'
[2026-04-11 15:51:53] check kermit: state='Printing', status='Online', timeLeft='20m'
[2026-04-11 15:51:53] check fozzie: state='Complete', status='Online', timeLeft='—'
[2026-04-11 15:56:53] check kermit: state='Printing', status='Online', timeLeft='13m'
[2026-04-11 15:56:53] check fozzie: state='Complete', status='Online', timeLeft='—'
[2026-04-11 16:01:53] check kermit: state='Printing', status='Online', timeLeft='9m'
[2026-04-11 16:01:53] check fozzie: state='Printing', status='Online', timeLeft='—'
[2026-04-11 16:06:53] check kermit: state='Printing', status='Online', timeLeft='4m'
[2026-04-11 16:06:53] check fozzie: state='Printing', status='Online', timeLeft='5h 32m'
[2026-04-11 16:11:53] check kermit: state='Complete', status='Online', timeLeft='—'
[2026-04-11 16:11:53] check fozzie: state='Printing', status='Online', timeLeft='5h 59m'
[2026-04-11 16:16:53] check kermit: state='Complete', status='Online', timeLeft='—'
[2026-04-11 16:16:53] check fozzie: state='Printing', status='Online', timeLeft='5h 20m'
[2026-04-11 16:21:53] check kermit: state='Complete', status='Online', timeLeft='—'
[2026-04-11 16:21:53] check fozzie: state='Printing', status='Online', timeLeft='5h 29m'
[2026-04-11 16:26:53] check kermit: state='Complete', status='Online', timeLeft='—'
[2026-04-11 16:26:53] check fozzie: state='Printing', status='Online', timeLeft='4h 28m'
[2026-04-11 16:31:53] check kermit: state='Complete', status='Online', timeLeft='—'
[2026-04-11 16:31:53] check fozzie: state='Printing', status='Online', timeLeft='4h 36m'
[2026-04-11 16:36:53] check kermit: state='Complete', status='Online', timeLeft='—'
[2026-04-11 16:36:53] check fozzie: state='Printing', status='Online', timeLeft='4h 29m'
[2026-04-11 16:41:53] check kermit: state='Complete', status='Online', timeLeft='—'
[2026-04-11 16:41:53] check fozzie: state='Printing', status='Online', timeLeft='4h 33m'
[2026-04-11 16:46:53] check kermit: state='Complete', status='Online', timeLeft='—'
[2026-04-11 16:46:53] check fozzie: state='Printing', status='Online', timeLeft='4h 5m'
[2026-04-11 16:51:53] check kermit: state='Complete', status='Online', timeLeft='—'
[2026-04-11 16:51:53] check fozzie: state='Printing', status='Online', timeLeft='4h 8m'
[2026-04-11 16:56:53] check kermit: state='Complete', status='Online', timeLeft='—'
[2026-04-11 16:56:53] check fozzie: state='Printing', status='Online', timeLeft='4h 3m'
[2026-04-11 17:01:53] check kermit: state='Complete', status='Online', timeLeft='—'
[2026-04-11 17:01:53] check fozzie: state='Printing', status='Online', timeLeft='4h 4m'
[2026-04-11 17:06:53] check kermit: state='Complete', status='Online', timeLeft='—'
[2026-04-11 17:06:53] check fozzie: state='Printing', status='Online', timeLeft='3h 44m'
[2026-04-11 17:11:53] check kermit: state='Complete', status='Online', timeLeft='—'
[2026-04-11 17:11:53] check fozzie: state='Printing', status='Online', timeLeft='3h 45m'
[2026-04-11 17:16:53] check kermit: state='Complete', status='Online', timeLeft='—'
[2026-04-11 17:16:53] check fozzie: state='Printing', status='Online', timeLeft='3h 40m'
[2026-04-11 17:21:53] check kermit: state='Complete', status='Online', timeLeft='—'
[2026-04-11 17:21:53] check fozzie: state='Printing', status='Online', timeLeft='3h 29m'
[2026-04-11 17:26:53] check kermit: state='Complete', status='Online', timeLeft='—'
[2026-04-11 17:26:53] check fozzie: state='Printing', status='Online', timeLeft='3h 24m'
[2026-04-11 17:31:53] check kermit: state='Complete', status='Online', timeLeft='—'
[2026-04-11 17:31:53] check fozzie: state='Printing', status='Online', timeLeft='3h 23m'
[2026-04-11 17:36:53] check kermit: state='Complete', status='Online', timeLeft='—'
[2026-04-11 17:36:53] check fozzie: state='Printing', status='Online', timeLeft='3h 18m'
[2026-04-11 17:41:53] check kermit: state='Complete', status='Online', timeLeft='—'
[2026-04-11 17:41:53] check fozzie: state='Printing', status='Online', timeLeft='3h 8m'
[2026-04-11 17:46:53] check kermit: state='Complete', status='Online', timeLeft='—'
[2026-04-11 17:46:53] check fozzie: state='Printing', status='Online', timeLeft='3h 3m'
[2026-04-11 17:51:53] check kermit: state='Complete', status='Online', timeLeft='—'
[2026-04-11 17:51:53] check fozzie: state='Printing', status='Online', timeLeft='3h 2m'
[2026-04-11 17:56:53] check kermit: state='Complete', status='Online', timeLeft='—'
[2026-04-11 17:56:53] check fozzie: state='Printing', status='Online', timeLeft='2h 57m'
[2026-04-11 18:01:53] check kermit: state='Printing', status='Online', timeLeft='—'
[2026-04-11 18:01:53] check fozzie: state='Printing', status='Online', timeLeft='2h 48m'
[2026-04-11 18:06:53] check kermit: state='Printing', status='Online', timeLeft='—'
[2026-04-11 18:06:53] check fozzie: state='Printing', status='Online', timeLeft='2h 43m'
[2026-04-11 18:11:53] check kermit: state='Printing', status='Online', timeLeft='—'
[2026-04-11 18:11:53] check fozzie: state='Printing', status='Online', timeLeft='2h 42m'
[2026-04-11 18:16:53] check kermit: state='Printing', status='Online', timeLeft='20h 10m'
[2026-04-11 18:16:53] check fozzie: state='Printing', status='Online', timeLeft='2h 36m'
[2026-04-11 18:21:54] check kermit: state='Printing', status='Online', timeLeft='13h 15m'
[2026-04-11 18:21:54] check fozzie: state='Printing', status='Online', timeLeft='2h 28m'
[2026-04-11 18:26:54] check kermit: state='Printing', status='Online', timeLeft='11h 59m'
[2026-04-11 18:26:54] check fozzie: state='Printing', status='Online', timeLeft='2h 23m'
