[grange] Grange is on watch.
[grange] Backup created: grange_backup_20260402_090001.tar.gz (50 KB)
[grange] ⚠️ No daily note for 2026-04-02
[grange] Grange cycle complete.
[grange] Grange is on watch.
[grange] Backup created: grange_backup_20260403_090001.tar.gz (50 KB)
[grange] ⚠️ No daily note for 2026-04-03
[grange] Grange cycle complete.
[grange] Grange is on watch.
[grange] Backup created: grange_backup_20260404_090002.tar.gz (51 KB)
[grange] ⚠️ No daily note for 2026-04-04
[grange] Grange cycle complete.
[grange] Grange is on watch.
[grange] Backup created: grange_backup_20260405_090001.tar.gz (52 KB)
[grange] ⚠️ No daily note for 2026-04-05
[grange] Grange cycle complete.
[grange] Grange is on watch.
[grange] Backup created: grange_backup_20260406_090001.tar.gz (52 KB)
[grange] ⚠️ No daily note for 2026-04-06
[grange] Grange cycle complete.
[grange] Grange is on watch.
[grange] Backup created: grange_backup_20260407_090001.tar.gz (54 KB)
[grange] Grange cycle complete.
[grange] Grange is on watch.
[grange] Backup created: grange_backup_20260408_090001.tar.gz (60 KB)
[grange] ⚠️ No daily note for 2026-04-08
[grange] Grange cycle complete.
[grange] Grange is on watch.
[grange] Backup created: grange_backup_20260409_090001.tar.gz (223 KB)
[grange] Grange cycle complete.
[grange] Grange is on watch.
[grange] Backup created: grange_backup_20260410_090001.tar.gz (301 KB)
[grange] Grange cycle complete.
[grange] Grange is on watch.
[grange] Backup created: grange_backup_20260411_090001.tar.gz (434 KB)
[grange] Grange cycle complete.
[grange] Grange is on watch.
[grange] Backup created: grange_backup_20260412_090001.tar.gz (506 KB)
[grange] Grange cycle complete.
[grange] Grange is on watch.
[grange] Backup created: grange_backup_20260413_090001.tar.gz (599 KB)
[grange] Grange cycle complete.
[grange] Grange is on watch.
[grange] Backup created: grange_backup_20260414_090001.tar.gz (437 KB)
[grange] Grange cycle complete.
[grange] Grange is on watch.
[grange] Backup created: grange_backup_20260415_090001.tar.gz (483 KB)
[grange] Grange cycle complete.
[grange] Grange is on watch.
[grange] Backup created: grange_backup_20260416_090001.tar.gz (527 KB)
[grange] Grange cycle complete.
[grange] Grange is on watch.
[grange] Backup created: grange_backup_20260417_090001.tar.gz (567 KB)
[grange] Grange cycle complete.
[grange] Grange is on watch.
[grange] Backup created: grange_backup_20260418_090001.tar.gz (618 KB)
[grange] Grange cycle complete.
[grange] Grange is on watch.
[grange] Backup created: grange_backup_20260419_090001.tar.gz (649 KB)
[grange] Grange cycle complete.
[grange] Grange is on watch.
[grange] Backup created: grange_backup_20260420_090001.tar.gz (693 KB)
[grange] ⚠️ No daily note for 2026-04-20
[grange] Grange cycle complete.
[grange] Grange is on watch.
[grange] Backup created: grange_backup_20260421_090002.tar.gz (720 KB)
[grange] ⚠️ No daily note for 2026-04-21
[grange] Grange cycle complete.
[grange] Grange is on watch.
[grange] Backup created: grange_backup_20260422_090002.tar.gz (746 KB)
[grange] ⚠️ No daily note for 2026-04-22
[grange] Grange cycle complete.
[grange] Grange is on watch.
[grange] Backup created: grange_backup_20260423_090001.tar.gz (781 KB)
[grange] ⚠️ No daily note for 2026-04-23
[grange] Grange cycle complete.
[grange] Grange is on watch.
[grange] Backup created: grange_backup_20260424_090001.tar.gz (827 KB)
[grange] ⚠️ No daily note for 2026-04-24
[grange] Grange cycle complete.
[grange] Grange is on watch.
[grange] Backup created: grange_backup_20260425_090001.tar.gz (868 KB)
[grange] ⚠️ No daily note for 2026-04-25
[grange] Grange cycle complete.
[grange] Grange is on watch.
[grange] Backup created: grange_backup_20260426_090001.tar.gz (909 KB)
[grange] ⚠️ No daily note for 2026-04-26
[grange] Grange cycle complete.
[grange] Grange is on watch.
[grange] Backup created: grange_backup_20260427_090001.tar.gz (952 KB)
[grange] Grange cycle complete.
[grange] Grange is on watch.
[grange] Backup created: grange_backup_20260428_090001.tar.gz (997 KB)
[grange] ⚠️ No daily note for 2026-04-28
[grange] Grange cycle complete.
[grange] Grange is on watch.
[grange] Backup created: grange_backup_20260429_090001.tar.gz (1020 KB)
[grange] ⚠️ No daily note for 2026-04-29
[grange] Grange cycle complete.
[grange] Grange is on watch.
[grange] Backup created: grange_backup_20260430_090001.tar.gz (1035 KB)
[grange] ⚠️ No daily note for 2026-04-30
[grange] Grange cycle complete.
[grange] Grange is on watch.
[grange] Backup created: grange_backup_20260501_090001.tar.gz (1055 KB)
[grange] ⚠️ No daily note for 2026-05-01
[grange] Grange cycle complete.
[grange] Grange is on watch.
[grange] Backup created: grange_backup_20260502_090001.tar.gz (1088 KB)
[grange] ⚠️ No daily note for 2026-05-02
[grange] Grange cycle complete.
[grange] Grange is on watch.
[grange] Backup created: grange_backup_20260503_090001.tar.gz (1121 KB)
[grange] ⚠️ No daily note for 2026-05-03
[grange] Grange cycle complete.
[grange] Grange is on watch.
[grange] Backup created: grange_backup_20260504_090001.tar.gz (1148 KB)
[grange] ⚠️ No daily note for 2026-05-04
[grange] Grange cycle complete.
[grange] Grange is on watch.
[grange] Backup created: grange_backup_20260505_090001.tar.gz (1167 KB)
[grange] ⚠️ No daily note for 2026-05-05
[grange] Grange cycle complete.
[grange] Grange is on watch.
[grange] Backup created: grange_backup_20260506_090001.tar.gz (1203 KB)
[grange] ⚠️ No daily note for 2026-05-06
[grange] Grange cycle complete.
[grange] Grange is on watch.
[grange] Backup created: grange_backup_20260507_090001.tar.gz (1234 KB)
[grange] ⚠️ No daily note for 2026-05-07
[grange] Grange cycle complete.
[grange] Grange is on watch.
[grange] Backup created: grange_backup_20260508_090001.tar.gz (1256 KB)
[grange] ⚠️ No daily note for 2026-05-08
[grange] Grange cycle complete.
[grange] Grange is on watch.
[grange] Backup created: grange_backup_20260509_090001.tar.gz (1272 KB)
[grange] ⚠️ No daily note for 2026-05-09
[grange] Grange cycle complete.
[grange] Grange is on watch.
[grange] Backup created: grange_backup_20260510_090001.tar.gz (1295 KB)
[grange] ⚠️ No daily note for 2026-05-10
[grange] Grange cycle complete.
[grange] Grange is on watch.
[grange] Backup created: grange_backup_20260511_090002.tar.gz (1325 KB)
[grange] ⚠️ No daily note for 2026-05-11
[grange] Grange cycle complete.
[grange] Grange is on watch.
[grange] Backup created: grange_backup_20260512_090001.tar.gz (1351 KB)
[grange] ⚠️ No daily note for 2026-05-12
[grange] Grange cycle complete.
[grange] Grange is on watch.
[grange] Backup created: grange_backup_20260513_090001.tar.gz (1385 KB)
[grange] ⚠️ No daily note for 2026-05-13
[grange] Grange cycle complete.
[grange] Grange is on watch.
[grange] Backup created: grange_backup_20260514_090001.tar.gz (1406 KB)
[grange] ⚠️ No daily note for 2026-05-14
[grange] Grange cycle complete.
[grange] Grange is on watch.
[grange] Backup created: grange_backup_20260515_090001.tar.gz (1434 KB)
[grange] ⚠️ No daily note for 2026-05-15
[grange] Grange cycle complete.
[grange] Grange is on watch.
[grange] Backup created: grange_backup_20260516_090001.tar.gz (1461 KB)
[grange] ⚠️ No daily note for 2026-05-16
[grange] Grange cycle complete.
[grange] Grange is on watch.
[grange] Backup created: grange_backup_20260517_090001.tar.gz (1483 KB)
[grange] ⚠️ No daily note for 2026-05-17
[grange] Grange cycle complete.
[grange] Grange is on watch.
[grange] Backup created: grange_backup_20260518_090001.tar.gz (2740 KB)
[grange] ⚠️ No daily note for 2026-05-18
[grange] Grange cycle complete.
[grange] Grange is on watch.
[grange] Backup created: grange_backup_20260519_090001.tar.gz (2769 KB)
[grange] ⚠️ No daily note for 2026-05-19
[grange] Grange cycle complete.
[grange] Grange is on watch.
[grange] Backup created: grange_backup_20260520_090001.tar.gz (2795 KB)
[grange] ⚠️ No daily note for 2026-05-20
[grange] Telegram failed: <urlopen error [Errno -3] Temporary failure in name resolution>
[grange] Grange cycle complete.
[grange] Grange is on watch.
[grange] Backup created: grange_backup_20260521_090001.tar.gz (2826 KB)
[grange] ⚠️ No daily note for 2026-05-21
[grange] Grange cycle complete.
[grange] Grange is on watch.
[grange] Backup created: grange_backup_20260522_090002.tar.gz (2852 KB)
[grange] ⚠️ No daily note for 2026-05-22
[grange] Telegram failed: <urlopen error [Errno -3] Temporary failure in name resolution>
[grange] Grange cycle complete.
[grange] Grange is on watch.
[grange] Backup created: grange_backup_20260523_090002.tar.gz (2872 KB)
[grange] ⚠️ No daily note for 2026-05-23
[grange] Grange cycle complete.
[grange] Grange is on watch.
[grange] Backup created: grange_backup_20260524_090002.tar.gz (2906 KB)
[grange] ⚠️ No daily note for 2026-05-24
[grange] Grange cycle complete.
[grange] Grange is on watch.
[grange] Backup created: grange_backup_20260525_090002.tar.gz (2933 KB)
[grange] ⚠️ No daily note for 2026-05-25
[grange] Grange cycle complete.
[grange] Grange is on watch.
[grange] Backup created: grange_backup_20260526_090001.tar.gz (2952 KB)
[grange] ⚠️ No daily note for 2026-05-26
[grange] Grange cycle complete.
[grange] Grange is on watch.
[grange] Backup created: grange_backup_20260527_090001.tar.gz (3011 KB)
[grange] ⚠️ No daily note for 2026-05-27
[grange] Grange cycle complete.
[grange] Grange is on watch.
[grange] Backup created: grange_backup_20260528_090002.tar.gz (3102 KB)
[grange] ⚠️ No daily note for 2026-05-28
[grange] Telegram failed: <urlopen error _ssl.c:1012: The handshake operation timed out>
[grange] Grange cycle complete.
[grange] Grange is on watch.
[grange] Backup created: grange_backup_20260529_090001.tar.gz (3082 KB)
[grange] ⚠️ No daily note for 2026-05-29
[grange] Grange cycle complete.
[grange] Grange is on watch.
[grange] Backup created: grange_backup_20260530_090002.tar.gz (3165 KB)
[grange] Grange cycle complete.
[grange] Grange is on watch.
[grange] Backup created: grange_backup_20260531_090001.tar.gz (3284 KB)
[grange] Grange cycle complete.
[grange] Grange is on watch.
[grange] Backup created: grange_backup_20260601_090002.tar.gz (2436 KB)
[grange] Grange cycle complete.
[grange] Grange is on watch.
[grange] Backup created: grange_backup_20260602_090001.tar.gz (2510 KB)
[grange] Grange cycle complete.
[grange] Grange is on watch.
[grange] Backup created: grange_backup_20260603_090001.tar.gz (2555 KB)
[grange] Grange cycle complete.
[grange] Grange is on watch.
[grange] Backup created: grange_backup_20260604_090002.tar.gz (2607 KB)
[grange] Grange cycle complete.
python3: can't open file '/home/patrick/.openclaw/workspace/scripts/grange_store.py': [Errno 2] No such file or directory
python3: can't open file '/home/patrick/.openclaw/workspace/scripts/grange_store.py': [Errno 2] No such file or directory
python3: can't open file '/home/patrick/.openclaw/workspace/scripts/grange_store.py': [Errno 2] No such file or directory
